created 668386784 false 5 6
created 548246552 false 6 6
created 492228202 true 9 1
492228202 true R
492228202 true R
492228202 true R
492228202 true R
492228202 true R
492228202 true R
492228202 true R
492228202 true R
492228202 true R
492228202 true R
492228202 true R
492228202 true R
492228202 true R
492228202 true U
492228202 true U
492228202 true U
492228202 true U
492228202 true R
492228202 true R
492228202 true R
492228202 true R
492228202 true R
492228202 true R
492228202 true R
492228202 true R
492228202 true U
492228202 true U
492228202 true U
492228202 true R
492228202 true R
492228202 true U
492228202 true U
492228202 true U
492228202 true U
492228202 true L
492228202 true L
492228202 true L
492228202 true L
492228202 true R
492228202 true L
492228202 true R
492228202 true R
492228202 true R
492228202 true R
492228202 true R
492228202 true R
492228202 true U
492228202 true U
492228202 true U
492228202 true U
492228202 true R
492228202 true R
492228202 true U
492228202 true U
492228202 true U
492228202 true U
492228202 true U
492228202 true U
492228202 true R
492228202 true R
492228202 true U
492228202 true R
492228202 true R
492228202 true U
492228202 true U
492228202 true U
492228202 true U
